<?xml version="1.0" encoding="UTF-8"?>
<coverage generated="1631897573">
  <project timestamp="1631897573">
    <package name="SKien\Config">
      <file name="/var/www/html/packages/Config/SKien/Config/AbstractConfig.php">
        <class name="SKien\Config\AbstractConfig" namespace="SKien\Config" fullPackage="Config" package="Config">
          <metrics complexity="43" methods="19" coveredmethods="19" conditionals="0" coveredconditionals="0" statements="84" coveredstatements="84" elements="103" coveredelements="103"/>
        </class>
        <line num="31" type="method" name="setDateFormat" visibility="public" complexity="1" crap="1" count="5"/>
        <line num="33" type="stmt" count="5"/>
        <line num="34" type="stmt" count="5"/>
        <line num="43" type="method" name="setDateTimeFormat" visibility="public" complexity="1" crap="1" count="5"/>
        <line num="45" type="stmt" count="5"/>
        <line num="46" type="stmt" count="5"/>
        <line num="53" type="method" name="setPathSeparator" visibility="public" complexity="1" crap="1" count="6"/>
        <line num="55" type="stmt" count="6"/>
        <line num="56" type="stmt" count="6"/>
        <line num="69" type="method" name="getValue" visibility="public" complexity="6" crap="6" count="115"/>
        <line num="71" type="stmt" count="115"/>
        <line num="73" type="stmt" count="6"/>
        <line num="75" type="stmt" count="110"/>
        <line num="76" type="stmt" count="110"/>
        <line num="77" type="stmt" count="110"/>
        <line num="78" type="stmt" count="110"/>
        <line num="79" type="stmt" count="110"/>
        <line num="80" type="stmt" count="110"/>
        <line num="81" type="stmt" count="5"/>
        <line num="82" type="stmt" count="5"/>
        <line num="84" type="stmt" count="110"/>
        <line num="85" type="stmt" count="105"/>
        <line num="86" type="stmt" count="105"/>
        <line num="88" type="stmt" count="105"/>
        <line num="91" type="stmt" count="37"/>
        <line num="92" type="stmt" count="37"/>
        <line num="94" type="stmt" count="105"/>
        <line num="96" type="stmt" count="110"/>
        <line num="105" type="method" name="getString" visibility="public" complexity="1" crap="1" count="31"/>
        <line num="107" type="stmt" count="31"/>
        <line num="116" type="method" name="getInt" visibility="public" complexity="1" crap="1" count="11"/>
        <line num="118" type="stmt" count="11"/>
        <line num="127" type="method" name="getFloat" visibility="public" complexity="1" crap="1" count="11"/>
        <line num="129" type="stmt" count="11"/>
        <line num="138" type="method" name="getBool" visibility="public" complexity="2" crap="2" count="21"/>
        <line num="140" type="stmt" count="21"/>
        <line num="141" type="stmt" count="21"/>
        <line num="142" type="stmt" count="10"/>
        <line num="144" type="stmt" count="21"/>
        <line num="156" type="method" name="getDate" visibility="public" complexity="4" crap="4" count="16"/>
        <line num="158" type="stmt" count="16"/>
        <line num="159" type="stmt" count="16"/>
        <line num="160" type="stmt" count="10"/>
        <line num="161" type="stmt" count="10"/>
        <line num="162" type="stmt" count="10"/>
        <line num="163" type="stmt" count="5"/>
        <line num="164" type="stmt" count="5"/>
        <line num="165" type="stmt" count="5"/>
        <line num="166" type="stmt" count="10"/>
        <line num="170" type="stmt" count="11"/>
        <line num="172" type="stmt" count="16"/>
        <line num="184" type="method" name="getDateTime" visibility="public" complexity="4" crap="4" count="16"/>
        <line num="186" type="stmt" count="16"/>
        <line num="187" type="stmt" count="16"/>
        <line num="188" type="stmt" count="10"/>
        <line num="189" type="stmt" count="10"/>
        <line num="190" type="stmt" count="10"/>
        <line num="191" type="stmt" count="5"/>
        <line num="192" type="stmt" count="5"/>
        <line num="193" type="stmt" count="10"/>
        <line num="197" type="stmt" count="11"/>
        <line num="199" type="stmt" count="16"/>
        <line num="208" type="method" name="getArray" visibility="public" complexity="2" crap="2" count="17"/>
        <line num="210" type="stmt" count="17"/>
        <line num="214" type="stmt" count="17"/>
        <line num="221" type="method" name="getConfig" visibility="public" complexity="1" crap="1" count="2"/>
        <line num="223" type="stmt" count="2"/>
        <line num="231" type="method" name="splitPath" visibility="protected" complexity="2" crap="2" count="120"/>
        <line num="233" type="stmt" count="120"/>
        <line num="234" type="stmt" count="120"/>
        <line num="235" type="stmt" count="5"/>
        <line num="237" type="stmt" count="120"/>
        <line num="250" type="method" name="boolFromString" visibility="protected" complexity="3" crap="3" count="10"/>
        <line num="252" type="stmt" count="10"/>
        <line num="253" type="stmt" count="5"/>
        <line num="254" type="stmt" count="5"/>
        <line num="255" type="stmt" count="5"/>
        <line num="257" type="stmt" count="1"/>
        <line num="267" type="method" name="isTrue" visibility="protected" complexity="1" crap="1" count="10"/>
        <line num="269" type="stmt" count="10"/>
        <line num="270" type="stmt" count="10"/>
        <line num="279" type="method" name="isFalse" visibility="protected" complexity="1" crap="1" count="5"/>
        <line num="281" type="stmt" count="5"/>
        <line num="282" type="stmt" count="5"/>
        <line num="294" type="method" name="mergeWith" visibility="public" complexity="2" crap="2" count="2"/>
        <line num="296" type="stmt" count="2"/>
        <line num="297" type="stmt" count="2"/>
        <line num="298" type="stmt" count="1"/>
        <line num="299" type="stmt" count="1"/>
        <line num="301" type="stmt" count="1"/>
        <line num="302" type="stmt" count="1"/>
        <line num="327" type="method" name="mergeArrays" visibility="protected" complexity="7" crap="7" count="1"/>
        <line num="329" type="stmt" count="1"/>
        <line num="330" type="stmt" count="1"/>
        <line num="334" type="stmt" count="1"/>
        <line num="335" type="stmt" count="1"/>
        <line num="336" type="stmt" count="1"/>
        <line num="341" type="stmt" count="1"/>
        <line num="343" type="stmt" count="1"/>
        <line num="353" type="method" name="isAssoc" visibility="protected" complexity="2" crap="2" count="1"/>
        <line num="355" type="stmt" count="1"/>
        <line num="356" type="stmt" count="1"/>
        <line num="358" type="stmt" count="1"/>
        <metrics loc="359" ncloc="211" classes="1" methods="19" coveredmethods="19" conditionals="0" coveredconditionals="0" statements="84" coveredstatements="84" elements="103" coveredelements="103"/>
      </file>
      <file name="/var/www/html/packages/Config/SKien/Config/ArrayConfig.php">
        <class name="SKien\Config\ArrayConfig" namespace="SKien\Config" fullPackage="Config" package="Config">
          <metrics complexity="5" methods="3" coveredmethods="3" conditionals="0" coveredconditionals="0" statements="7" coveredstatements="7" elements="10" coveredelements="10"/>
        </class>
        <line num="20" type="method" name="__construct" visibility="public" complexity="1" crap="1" count="3"/>
        <line num="22" type="stmt" count="3"/>
        <line num="23" type="stmt" count="3"/>
        <line num="34" type="method" name="addConfig" visibility="public" complexity="2" crap="2" count="1"/>
        <line num="36" type="stmt" count="1"/>
        <line num="37" type="stmt" count="1"/>
        <line num="45" type="method" name="setValue" visibility="public" complexity="2" crap="2" count="1"/>
        <line num="47" type="stmt" count="1"/>
        <line num="48" type="stmt" count="1"/>
        <line num="49" type="stmt" count="1"/>
        <metrics loc="50" ncloc="27" classes="1" methods="3" coveredmethods="3" conditionals="0" coveredconditionals="0" statements="7" coveredstatements="7" elements="10" coveredelements="10"/>
      </file>
      <file name="/var/www/html/packages/Config/SKien/Config/INIConfig.php">
        <class name="SKien\Config\INIConfig" namespace="SKien\Config" fullPackage="Config" package="Config">
          <metrics complexity="4" methods="2" coveredmethods="2" conditionals="0" coveredconditionals="0" statements="6" coveredstatements="6" elements="8" coveredelements="8"/>
        </class>
        <line num="22" type="method" name="__construct" visibility="public" complexity="1" crap="1" count="3"/>
        <line num="24" type="stmt" count="3"/>
        <line num="25" type="stmt" count="2"/>
        <line num="31" type="method" name="parseFile" visibility="protected" complexity="3" crap="3" count="3"/>
        <line num="33" type="stmt" count="3"/>
        <line num="34" type="stmt" count="1"/>
        <line num="36" type="stmt" count="2"/>
        <line num="37" type="stmt" count="2"/>
        <metrics loc="39" ncloc="24" classes="1" methods="2" coveredmethods="2" conditionals="0" coveredconditionals="0" statements="6" coveredstatements="6" elements="8" coveredelements="8"/>
      </file>
      <file name="/var/www/html/packages/Config/SKien/Config/JSONConfig.php">
        <class name="SKien\Config\JSONConfig" namespace="SKien\Config" fullPackage="Config" package="Config">
          <metrics complexity="5" methods="2" coveredmethods="2" conditionals="0" coveredconditionals="0" statements="11" coveredstatements="11" elements="13" coveredelements="13"/>
        </class>
        <line num="19" type="method" name="__construct" visibility="public" complexity="1" crap="1" count="7"/>
        <line num="21" type="stmt" count="7"/>
        <line num="22" type="stmt" count="5"/>
        <line num="28" type="method" name="parseFile" visibility="protected" complexity="4" crap="4" count="7"/>
        <line num="30" type="stmt" count="7"/>
        <line num="31" type="stmt" count="1"/>
        <line num="34" type="stmt" count="6"/>
        <line num="35" type="stmt" count="6"/>
        <line num="36" type="stmt" count="6"/>
        <line num="37" type="stmt" count="6"/>
        <line num="38" type="stmt" count="6"/>
        <line num="39" type="stmt" count="1"/>
        <line num="42" type="stmt" count="5"/>
        <metrics loc="44" ncloc="32" classes="1" methods="2" coveredmethods="2" conditionals="0" coveredconditionals="0" statements="11" coveredstatements="11" elements="13" coveredelements="13"/>
      </file>
      <file name="/var/www/html/packages/Config/SKien/Config/NEONConfig.php">
        <class name="SKien\Config\NEONConfig" namespace="SKien\Config" fullPackage="Config" package="Config">
          <metrics complexity="6" methods="2" coveredmethods="2" conditionals="0" coveredconditionals="0" statements="13" coveredstatements="13" elements="15" coveredelements="15"/>
        </class>
        <line num="23" type="method" name="__construct" visibility="public" complexity="1" crap="1" count="4"/>
        <line num="25" type="stmt" count="4"/>
        <line num="26" type="stmt" count="2"/>
        <line num="32" type="method" name="parseFile" visibility="protected" complexity="5" crap="5" count="4"/>
        <line num="34" type="stmt" count="4"/>
        <line num="35" type="stmt" count="1"/>
        <line num="38" type="stmt" count="3"/>
        <line num="39" type="stmt" count="3"/>
        <line num="40" type="stmt" count="3"/>
        <line num="42" type="stmt" count="3"/>
        <line num="43" type="stmt" count="2"/>
        <line num="44" type="stmt" count="2"/>
        <line num="46" type="stmt" count="1"/>
        <line num="47" type="stmt" count="1"/>
        <line num="50" type="stmt" count="2"/>
        <metrics loc="52" ncloc="38" classes="1" methods="2" coveredmethods="2" conditionals="0" coveredconditionals="0" statements="13" coveredstatements="13" elements="15" coveredelements="15"/>
      </file>
      <file name="/var/www/html/packages/Config/SKien/Config/NullConfig.php">
        <class name="SKien\Config\NullConfig" namespace="SKien\Config" fullPackage="Config" package="Config">
          <metrics complexity="1" methods="1" coveredmethods="1" conditionals="0" coveredconditionals="0" statements="1" coveredstatements="1" elements="2" coveredelements="2"/>
        </class>
        <line num="28" type="method" name="getValue" visibility="public" complexity="1" crap="1" count="3"/>
        <line num="30" type="stmt" count="3"/>
        <metrics loc="32" ncloc="14" classes="1" methods="1" coveredmethods="1" conditionals="0" coveredconditionals="0" statements="1" coveredstatements="1" elements="2" coveredelements="2"/>
      </file>
      <file name="/var/www/html/packages/Config/SKien/Config/XMLConfig.php">
        <class name="SKien\Config\XMLConfig" namespace="SKien\Config" fullPackage="Config" package="Config">
          <metrics complexity="5" methods="2" coveredmethods="2" conditionals="0" coveredconditionals="0" statements="13" coveredstatements="13" elements="15" coveredelements="15"/>
        </class>
        <line num="19" type="method" name="__construct" visibility="public" complexity="1" crap="1" count="4"/>
        <line num="21" type="stmt" count="4"/>
        <line num="22" type="stmt" count="2"/>
        <line num="28" type="method" name="parseFile" visibility="protected" complexity="4" crap="4" count="4"/>
        <line num="30" type="stmt" count="4"/>
        <line num="31" type="stmt" count="1"/>
        <line num="37" type="stmt" count="3"/>
        <line num="39" type="stmt" count="3"/>
        <line num="40" type="stmt" count="2"/>
        <line num="45" type="stmt" count="2"/>
        <line num="46" type="stmt" count="2"/>
        <line num="47" type="stmt" count="2"/>
        <line num="49" type="stmt" count="1"/>
        <line num="50" type="stmt" count="1"/>
        <line num="53" type="stmt" count="2"/>
        <metrics loc="55" ncloc="36" classes="1" methods="2" coveredmethods="2" conditionals="0" coveredconditionals="0" statements="13" coveredstatements="13" elements="15" coveredelements="15"/>
      </file>
      <file name="/var/www/html/packages/Config/SKien/Config/YAMLConfig.php">
        <class name="SKien\Config\YAMLConfig" namespace="SKien\Config" fullPackage="Config" package="Config">
          <metrics complexity="6" methods="2" coveredmethods="2" conditionals="0" coveredconditionals="0" statements="11" coveredstatements="11" elements="13" coveredelements="13"/>
        </class>
        <line num="21" type="method" name="__construct" visibility="public" complexity="2" crap="2" count="4"/>
        <line num="23" type="stmt" count="4"/>
        <line num="27" type="stmt" count="4"/>
        <line num="29" type="stmt" count="2"/>
        <line num="35" type="method" name="parseFile" visibility="protected" complexity="4" crap="4" count="4"/>
        <line num="37" type="stmt" count="4"/>
        <line num="38" type="stmt" count="1"/>
        <line num="41" type="stmt" count="3"/>
        <line num="42" type="stmt" count="3"/>
        <line num="43" type="stmt" count="3"/>
        <line num="44" type="stmt" count="3"/>
        <line num="45" type="stmt" count="2"/>
        <line num="51" type="stmt" count="2"/>
        <metrics loc="53" ncloc="37" classes="1" methods="2" coveredmethods="2" conditionals="0" coveredconditionals="0" statements="11" coveredstatements="11" elements="13" coveredelements="13"/>
      </file>
    </package>
    <file name="/var/www/html/packages/Config/SKien/Config/ConfigInterface.php">
      <metrics loc="78" ncloc="32" classes="0" methods="0" coveredmethods="0" conditionals="0" coveredconditionals="0" statements="0" coveredstatements="0" elements="0" coveredelements="0"/>
    </file>
    <metrics files="9" loc="762" ncloc="451" classes="8" methods="33" coveredmethods="33" conditionals="0" coveredconditionals="0" statements="146" coveredstatements="146" elements="179" coveredelements="179"/>
  </project>
</coverage>
