<?xml version="1.0" encoding="UTF-8"?>
<coverage generated="1628183533">
  <project timestamp="1628183533">
    <package name="SKien\Config">
      <file name="/var/www/html/packages/Config/SKien/Config/AbstractConfig.php">
        <class name="SKien\Config\AbstractConfig" namespace="SKien\Config" fullPackage="Config" package="Config">
          <metrics complexity="42" methods="19" coveredmethods="19" conditionals="0" coveredconditionals="0" statements="81" coveredstatements="81" elements="100" coveredelements="100"/>
        </class>
        <line num="31" type="method" name="setDateFormat" visibility="public" complexity="1" crap="1" count="5"/>
        <line num="33" type="stmt" count="5"/>
        <line num="34" type="stmt" count="5"/>
        <line num="43" type="method" name="setDateTimeFormat" visibility="public" complexity="1" crap="1" count="5"/>
        <line num="45" type="stmt" count="5"/>
        <line num="46" type="stmt" count="5"/>
        <line num="53" type="method" name="setPathSeparator" visibility="public" complexity="1" crap="1" count="1"/>
        <line num="55" type="stmt" count="1"/>
        <line num="56" type="stmt" count="1"/>
        <line num="69" type="method" name="getValue" visibility="public" complexity="6" crap="6" count="115"/>
        <line num="71" type="stmt" count="115"/>
        <line num="73" type="stmt" count="6"/>
        <line num="75" type="stmt" count="110"/>
        <line num="76" type="stmt" count="110"/>
        <line num="77" type="stmt" count="110"/>
        <line num="78" type="stmt" count="110"/>
        <line num="79" type="stmt" count="110"/>
        <line num="80" type="stmt" count="110"/>
        <line num="81" type="stmt" count="5"/>
        <line num="82" type="stmt" count="5"/>
        <line num="84" type="stmt" count="110"/>
        <line num="85" type="stmt" count="105"/>
        <line num="86" type="stmt" count="105"/>
        <line num="88" type="stmt" count="105"/>
        <line num="91" type="stmt" count="37"/>
        <line num="92" type="stmt" count="37"/>
        <line num="94" type="stmt" count="105"/>
        <line num="96" type="stmt" count="110"/>
        <line num="105" type="method" name="getString" visibility="public" complexity="1" crap="1" count="31"/>
        <line num="107" type="stmt" count="31"/>
        <line num="116" type="method" name="getInt" visibility="public" complexity="1" crap="1" count="11"/>
        <line num="118" type="stmt" count="11"/>
        <line num="127" type="method" name="getFloat" visibility="public" complexity="1" crap="1" count="11"/>
        <line num="129" type="stmt" count="11"/>
        <line num="138" type="method" name="getBool" visibility="public" complexity="2" crap="2" count="21"/>
        <line num="140" type="stmt" count="21"/>
        <line num="141" type="stmt" count="21"/>
        <line num="142" type="stmt" count="10"/>
        <line num="144" type="stmt" count="21"/>
        <line num="156" type="method" name="getDate" visibility="public" complexity="4" crap="4" count="16"/>
        <line num="158" type="stmt" count="16"/>
        <line num="159" type="stmt" count="16"/>
        <line num="160" type="stmt" count="10"/>
        <line num="161" type="stmt" count="10"/>
        <line num="162" type="stmt" count="10"/>
        <line num="163" type="stmt" count="5"/>
        <line num="164" type="stmt" count="5"/>
        <line num="165" type="stmt" count="5"/>
        <line num="166" type="stmt" count="10"/>
        <line num="170" type="stmt" count="11"/>
        <line num="172" type="stmt" count="16"/>
        <line num="184" type="method" name="getDateTime" visibility="public" complexity="4" crap="4" count="16"/>
        <line num="186" type="stmt" count="16"/>
        <line num="187" type="stmt" count="16"/>
        <line num="188" type="stmt" count="10"/>
        <line num="189" type="stmt" count="10"/>
        <line num="190" type="stmt" count="10"/>
        <line num="191" type="stmt" count="5"/>
        <line num="192" type="stmt" count="5"/>
        <line num="193" type="stmt" count="10"/>
        <line num="197" type="stmt" count="11"/>
        <line num="199" type="stmt" count="16"/>
        <line num="208" type="method" name="getArray" visibility="public" complexity="2" crap="2" count="17"/>
        <line num="210" type="stmt" count="17"/>
        <line num="214" type="stmt" count="17"/>
        <line num="221" type="method" name="getConfig" visibility="public" complexity="1" crap="1" count="2"/>
        <line num="223" type="stmt" count="2"/>
        <line num="231" type="method" name="splitPath" visibility="protected" complexity="1" crap="1" count="110"/>
        <line num="233" type="stmt" count="110"/>
        <line num="246" type="method" name="boolFromString" visibility="protected" complexity="3" crap="3" count="10"/>
        <line num="248" type="stmt" count="10"/>
        <line num="249" type="stmt" count="5"/>
        <line num="250" type="stmt" count="5"/>
        <line num="251" type="stmt" count="5"/>
        <line num="253" type="stmt" count="1"/>
        <line num="263" type="method" name="isTrue" visibility="protected" complexity="1" crap="1" count="10"/>
        <line num="265" type="stmt" count="10"/>
        <line num="266" type="stmt" count="10"/>
        <line num="275" type="method" name="isFalse" visibility="protected" complexity="1" crap="1" count="5"/>
        <line num="277" type="stmt" count="5"/>
        <line num="278" type="stmt" count="5"/>
        <line num="290" type="method" name="mergeWith" visibility="public" complexity="2" crap="2" count="2"/>
        <line num="292" type="stmt" count="2"/>
        <line num="293" type="stmt" count="2"/>
        <line num="294" type="stmt" count="1"/>
        <line num="295" type="stmt" count="1"/>
        <line num="297" type="stmt" count="1"/>
        <line num="298" type="stmt" count="1"/>
        <line num="323" type="method" name="mergeArrays" visibility="protected" complexity="7" crap="7" count="1"/>
        <line num="325" type="stmt" count="1"/>
        <line num="326" type="stmt" count="1"/>
        <line num="330" type="stmt" count="1"/>
        <line num="331" type="stmt" count="1"/>
        <line num="332" type="stmt" count="1"/>
        <line num="337" type="stmt" count="1"/>
        <line num="339" type="stmt" count="1"/>
        <line num="349" type="method" name="isAssoc" visibility="protected" complexity="2" crap="2" count="1"/>
        <line num="351" type="stmt" count="1"/>
        <line num="352" type="stmt" count="1"/>
        <line num="354" type="stmt" count="1"/>
        <metrics loc="355" ncloc="207" classes="1" methods="19" coveredmethods="19" conditionals="0" coveredconditionals="0" statements="81" coveredstatements="81" elements="100" coveredelements="100"/>
      </file>
      <file name="/var/www/html/packages/Config/SKien/Config/ArrayConfig.php">
        <class name="SKien\Config\ArrayConfig" namespace="SKien\Config" fullPackage="Config" package="Config">
          <metrics complexity="5" methods="3" coveredmethods="3" conditionals="0" coveredconditionals="0" statements="7" coveredstatements="7" elements="10" coveredelements="10"/>
        </class>
        <line num="20" type="method" name="__construct" visibility="public" complexity="1" crap="1" count="3"/>
        <line num="22" type="stmt" count="3"/>
        <line num="23" type="stmt" count="3"/>
        <line num="34" type="method" name="addConfig" visibility="public" complexity="2" crap="2" count="1"/>
        <line num="36" type="stmt" count="1"/>
        <line num="37" type="stmt" count="1"/>
        <line num="45" type="method" name="setValue" visibility="public" complexity="2" crap="2" count="1"/>
        <line num="47" type="stmt" count="1"/>
        <line num="48" type="stmt" count="1"/>
        <line num="49" type="stmt" count="1"/>
        <metrics loc="50" ncloc="27" classes="1" methods="3" coveredmethods="3" conditionals="0" coveredconditionals="0" statements="7" coveredstatements="7" elements="10" coveredelements="10"/>
      </file>
      <file name="/var/www/html/packages/Config/SKien/Config/INIConfig.php">
        <class name="SKien\Config\INIConfig" namespace="SKien\Config" fullPackage="Config" package="Config">
          <metrics complexity="4" methods="2" coveredmethods="2" conditionals="0" coveredconditionals="0" statements="6" coveredstatements="6" elements="8" coveredelements="8"/>
        </class>
        <line num="22" type="method" name="__construct" visibility="public" complexity="1" crap="1" count="3"/>
        <line num="24" type="stmt" count="3"/>
        <line num="25" type="stmt" count="2"/>
        <line num="31" type="method" name="parseFile" visibility="protected" complexity="3" crap="3" count="3"/>
        <line num="33" type="stmt" count="3"/>
        <line num="34" type="stmt" count="1"/>
        <line num="36" type="stmt" count="2"/>
        <line num="37" type="stmt" count="2"/>
        <metrics loc="39" ncloc="24" classes="1" methods="2" coveredmethods="2" conditionals="0" coveredconditionals="0" statements="6" coveredstatements="6" elements="8" coveredelements="8"/>
      </file>
      <file name="/var/www/html/packages/Config/SKien/Config/JSONConfig.php">
        <class name="SKien\Config\JSONConfig" namespace="SKien\Config" fullPackage="Config" package="Config">
          <metrics complexity="4" methods="2" coveredmethods="2" conditionals="0" coveredconditionals="0" statements="9" coveredstatements="9" elements="11" coveredelements="11"/>
        </class>
        <line num="19" type="method" name="__construct" visibility="public" complexity="1" crap="1" count="7"/>
        <line num="21" type="stmt" count="7"/>
        <line num="22" type="stmt" count="5"/>
        <line num="28" type="method" name="parseFile" visibility="protected" complexity="3" crap="3" count="7"/>
        <line num="30" type="stmt" count="7"/>
        <line num="31" type="stmt" count="1"/>
        <line num="34" type="stmt" count="6"/>
        <line num="35" type="stmt" count="6"/>
        <line num="36" type="stmt" count="6"/>
        <line num="37" type="stmt" count="1"/>
        <line num="39" type="stmt" count="5"/>
        <metrics loc="41" ncloc="29" classes="1" methods="2" coveredmethods="2" conditionals="0" coveredconditionals="0" statements="9" coveredstatements="9" elements="11" coveredelements="11"/>
      </file>
      <file name="/var/www/html/packages/Config/SKien/Config/NEONConfig.php">
        <class name="SKien\Config\NEONConfig" namespace="SKien\Config" fullPackage="Config" package="Config">
          <metrics complexity="5" methods="2" coveredmethods="2" conditionals="0" coveredconditionals="0" statements="11" coveredstatements="11" elements="13" coveredelements="13"/>
        </class>
        <line num="23" type="method" name="__construct" visibility="public" complexity="1" crap="1" count="4"/>
        <line num="25" type="stmt" count="4"/>
        <line num="26" type="stmt" count="2"/>
        <line num="32" type="method" name="parseFile" visibility="protected" complexity="4" crap="4" count="4"/>
        <line num="34" type="stmt" count="4"/>
        <line num="35" type="stmt" count="1"/>
        <line num="38" type="stmt" count="3"/>
        <line num="40" type="stmt" count="3"/>
        <line num="41" type="stmt" count="2"/>
        <line num="42" type="stmt" count="2"/>
        <line num="44" type="stmt" count="1"/>
        <line num="45" type="stmt" count="1"/>
        <line num="48" type="stmt" count="2"/>
        <metrics loc="50" ncloc="36" classes="1" methods="2" coveredmethods="2" conditionals="0" coveredconditionals="0" statements="11" coveredstatements="11" elements="13" coveredelements="13"/>
      </file>
      <file name="/var/www/html/packages/Config/SKien/Config/NullConfig.php">
        <class name="SKien\Config\NullConfig" namespace="SKien\Config" fullPackage="Config" package="Config">
          <metrics complexity="1" methods="1" coveredmethods="1" conditionals="0" coveredconditionals="0" statements="1" coveredstatements="1" elements="2" coveredelements="2"/>
        </class>
        <line num="28" type="method" name="getValue" visibility="public" complexity="1" crap="1" count="3"/>
        <line num="30" type="stmt" count="3"/>
        <metrics loc="32" ncloc="14" classes="1" methods="1" coveredmethods="1" conditionals="0" coveredconditionals="0" statements="1" coveredstatements="1" elements="2" coveredelements="2"/>
      </file>
      <file name="/var/www/html/packages/Config/SKien/Config/XMLConfig.php">
        <class name="SKien\Config\XMLConfig" namespace="SKien\Config" fullPackage="Config" package="Config">
          <metrics complexity="4" methods="2" coveredmethods="2" conditionals="0" coveredconditionals="0" statements="12" coveredstatements="12" elements="14" coveredelements="14"/>
        </class>
        <line num="19" type="method" name="__construct" visibility="public" complexity="1" crap="1" count="4"/>
        <line num="21" type="stmt" count="4"/>
        <line num="22" type="stmt" count="2"/>
        <line num="28" type="method" name="parseFile" visibility="protected" complexity="3" crap="3" count="4"/>
        <line num="30" type="stmt" count="4"/>
        <line num="31" type="stmt" count="1"/>
        <line num="37" type="stmt" count="3"/>
        <line num="39" type="stmt" count="3"/>
        <line num="40" type="stmt" count="2"/>
        <line num="45" type="stmt" count="2"/>
        <line num="46" type="stmt" count="2"/>
        <line num="47" type="stmt" count="1"/>
        <line num="48" type="stmt" count="1"/>
        <line num="51" type="stmt" count="2"/>
        <metrics loc="53" ncloc="34" classes="1" methods="2" coveredmethods="2" conditionals="0" coveredconditionals="0" statements="12" coveredstatements="12" elements="14" coveredelements="14"/>
      </file>
      <file name="/var/www/html/packages/Config/SKien/Config/YAMLConfig.php">
        <class name="SKien\Config\YAMLConfig" namespace="SKien\Config" fullPackage="Config" package="Config">
          <metrics complexity="5" methods="2" coveredmethods="2" conditionals="0" coveredconditionals="0" statements="9" coveredstatements="9" elements="11" coveredelements="11"/>
        </class>
        <line num="21" type="method" name="__construct" visibility="public" complexity="2" crap="2" count="4"/>
        <line num="23" type="stmt" count="4"/>
        <line num="27" type="stmt" count="4"/>
        <line num="29" type="stmt" count="2"/>
        <line num="35" type="method" name="parseFile" visibility="protected" complexity="3" crap="3" count="4"/>
        <line num="37" type="stmt" count="4"/>
        <line num="38" type="stmt" count="1"/>
        <line num="41" type="stmt" count="3"/>
        <line num="42" type="stmt" count="3"/>
        <line num="43" type="stmt" count="2"/>
        <line num="48" type="stmt" count="2"/>
        <metrics loc="50" ncloc="34" classes="1" methods="2" coveredmethods="2" conditionals="0" coveredconditionals="0" statements="9" coveredstatements="9" elements="11" coveredelements="11"/>
      </file>
    </package>
    <file name="/var/www/html/packages/Config/SKien/Config/ConfigInterface.php">
      <metrics loc="78" ncloc="32" classes="0" methods="0" coveredmethods="0" conditionals="0" coveredconditionals="0" statements="0" coveredstatements="0" elements="0" coveredelements="0"/>
    </file>
    <metrics files="9" loc="748" ncloc="437" classes="8" methods="33" coveredmethods="33" conditionals="0" coveredconditionals="0" statements="136" coveredstatements="136" elements="169" coveredelements="169"/>
  </project>
</coverage>
